\BOOKMARK [1][-]{section.1}{\376\377\000I\000n\000t\000r\000o\000d\000u\000c\000t\000i\000o\000n}{}% 1
\BOOKMARK [1][-]{section.2}{\376\377\000C\000o\000n\000t\000e\000x\000t\000e\000\040\000d\000u\000\040\000s\000t\000a\000g\000e}{}% 2
\BOOKMARK [2][-]{subsection.2.1}{\376\377\000L\000e\000\040\000L\000a\000b\000o\000r\000a\000t\000o\000i\000r\000e\000\040\000I\000n\000f\000o\000r\000m\000a\000t\000i\000q\000u\000e\000\040\000d\000e\000\040\000G\000r\000e\000n\000o\000b\000l\000e}{section.2}% 3
\BOOKMARK [2][-]{subsection.2.2}{\376\377\000L\000'\000\351\000q\000u\000i\000p\000e\000\040\000D\000A\000T\000A\000M\000O\000V\000E}{section.2}% 4
\BOOKMARK [1][-]{section.3}{\376\377\000M\000i\000s\000s\000i\000o\000n\000s\000\040\000a\000u\000\040\000s\000e\000i\000n\000\040\000d\000e\000\040\000l\000'\000\351\000q\000u\000i\000p\000e\000\040\000D\000A\000T\000A\000M\000O\000V\000E}{}% 5
\BOOKMARK [2][-]{subsection.3.1}{\376\377\000L\000'\000e\000n\000v\000i\000r\000o\000n\000n\000e\000m\000e\000n\000t\000\040\000N\000i\000x\000\040\000e\000t\000\040\000N\000i\000x\000O\000S}{section.3}% 6
\BOOKMARK [3][-]{subsubsection.3.1.1}{\376\377\000N\000i\000x}{subsection.3.1}% 7
\BOOKMARK [3][-]{subsubsection.3.1.2}{\376\377\000N\000i\000x\000O\000S}{subsection.3.1}% 8
\BOOKMARK [3][-]{subsubsection.3.1.3}{\376\377\000N\000i\000x\000p\000k\000g\000s\000\040\000e\000t\000\040\000N\000u\000r\000-\000K\000a\000p\000a\000c\000k}{subsection.3.1}% 9
\BOOKMARK [2][-]{subsection.3.2}{\376\377\000L\000e\000s\000\040\000o\000u\000t\000i\000l\000s\000\040\000\340\000\040\000d\000i\000s\000p\000o\000s\000i\000t\000i\000o\000n\000\040\000p\000o\000u\000r\000\040\000l\000a\000\040\000r\000e\000c\000h\000e\000r\000c\000h\000e}{section.3}% 10
\BOOKMARK [2][-]{subsection.3.3}{\376\377\000L\000'\000o\000u\000t\000i\000l\000s\000\040\000N\000i\000x\000O\000S\000-\000C\000o\000m\000p\000o\000s\000e}{section.3}% 11
\BOOKMARK [2][-]{subsection.3.4}{\376\377\000D\000\351\000v\000e\000l\000o\000p\000p\000e\000m\000e\000n\000t\000\040\000d\000e\000\040\000C\000o\000m\000p\000o\000s\000i\000t\000i\000o\000n\000\040\000N\000i\000x\000O\000S\000-\000C\000o\000m\000p\000o\000s\000e}{section.3}% 12
\BOOKMARK [3][-]{subsubsection.3.4.1}{\376\377\000F\000o\000n\000c\000t\000i\000o\000n\000n\000e\000m\000e\000n\000t\000\040\000e\000t\000\040\000C\000o\000m\000p\000o\000s\000i\000t\000i\000o\000n\000\040\000S\000i\000m\000p\000l\000e}{subsection.3.4}% 13
\BOOKMARK [3][-]{subsubsection.3.4.2}{\376\377\000W\000o\000r\000k\000f\000l\000o\000w}{subsection.3.4}% 14
\BOOKMARK [3][-]{subsubsection.3.4.3}{\376\377\000G\000r\000i\000d\0005\0000\0000\0000}{subsection.3.4}% 15
\BOOKMARK [3][-]{subsubsection.3.4.4}{\376\377\000F\000i\000l\000e\000\040\000S\000y\000s\000t\000e\000m\000s}{subsection.3.4}% 16
\BOOKMARK [3][-]{subsubsection.3.4.5}{\376\377\000M\000e\000s\000\040\000c\000o\000n\000t\000r\000i\000b\000u\000t\000i\000o\000n\000s\000\040\000a\000u\000\040\000p\000r\000o\000j\000e\000t}{subsection.3.4}% 17
\BOOKMARK [2][-]{subsection.3.5}{\376\377\000P\000e\000r\000s\000p\000e\000c\000t\000i\000v\000e\000\040\000d\000u\000\040\000p\000r\000o\000j\000e\000t\000\040\000d\000e\000\040\000N\000i\000x\000O\000S\000-\000C\000o\000m\000p\000o\000s\000e}{section.3}% 18
\BOOKMARK [1][-]{section.4}{\376\377\000C\000o\000n\000c\000l\000u\000s\000i\000o\000n}{}% 19
\BOOKMARK [2][-]{subsection.4.1}{\376\377\000B\000i\000l\000a\000n\000\040\000p\000e\000r\000s\000o\000n\000n\000e\000l}{section.4}% 20
\BOOKMARK [2][-]{subsection.4.2}{\376\377\000B\000i\000l\000a\000n\000\040\000p\000r\000o\000f\000e\000s\000s\000i\000o\000n\000n\000e\000l}{section.4}% 21
\BOOKMARK [1][-]{section.5}{\376\377\000A\000n\000n\000e\000x\000e}{}% 22
