This is pdfTeX, Version 3.141592653-2.6-1.40.24 (TeX Live 2022/nixos.org) (preloaded format=pdflatex 1980.1.1)  3 JUL 2023 14:35
entering extended mode
 restricted \write18 enabled.
 file:line:error style messages enabled.
 %&-line parsing enabled.
**/home/alex/MainObsidianVault/StageDocuments/Rapport/template.tex
(/home/alex/MainObsidianVault/StageDocuments/Rapport/template.tex
LaTeX2e <2022-11-01> patch level 1
L3 programming layer <2023-02-22> (/nix/store/0kvrd6v7fsbb0sr5fbzlnybj3kxzh22y-texlive-combined-full-2022-final-texmfdist/tex/latex/base/article.cls
Document Class: article 2022/07/02 v1.4n Standard LaTeX document class
(/nix/store/0kvrd6v7fsbb0sr5fbzlnybj3kxzh22y-texlive-combined-full-2022-final-texmfdist/tex/latex/base/size12.clo
File: size12.clo 2022/07/02 v1.4n Standard LaTeX file (size option)
)
\c@part=\count185
\c@section=\count186
\c@subsection=\count187
\c@subsubsection=\count188
\c@paragraph=\count189
\c@subparagraph=\count190
\c@figure=\count191
\c@table=\count192
\abovecaptionskip=\skip48
\belowcaptionskip=\skip49
\bibindent=\dimen140
) (/nix/store/0kvrd6v7fsbb0sr5fbzlnybj3kxzh22y-texlive-combined-full-2022-final-texmfdist/tex/generic/babel/babel.sty
Package: babel 2023/02/13 3.86 The Babel package
\babel@savecnt=\count193
\U@D=\dimen141
\l@unhyphenated=\language87
 (/nix/store/0kvrd6v7fsbb0sr5fbzlnybj3kxzh22y-texlive-combined-full-2022-final-texmfdist/tex/generic/babel/txtbabel.def)
\bbl@readstream=\read2
\bbl@dirlevel=\count194
 (/nix/store/0kvrd6v7fsbb0sr5fbzlnybj3kxzh22y-texlive-combined-full-2022-final-texmfdist/tex/generic/babel-french/french.ldf
Language: french 2023/03/08 v3.5q French support from the babel system
Package babel Info: Hyphen rules for 'acadian' set to \l@french
(babel)             (\language29). Reported on input line 91.
Package babel Info: Hyphen rules for 'canadien' set to \l@french
(babel)             (\language29). Reported on input line 92.
\FB@nonchar=\count195
Package babel Info: Making : an active character on input line 395.
Package babel Info: Making ; an active character on input line 396.
Package babel Info: Making ! an active character on input line 397.
Package babel Info: Making ? an active character on input line 398.
\FBguill@level=\count196
\FBold@everypar=\toks16
\FB@Mht=\dimen142
\mc@charclass=\count197
\mc@charfam=\count198
\mc@charslot=\count199
\std@mcc=\count266
\dec@mcc=\count267
\FB@parskip=\dimen143
\listindentFB=\dimen144
\descindentFB=\dimen145
\labelindentFB=\dimen146
\labelwidthFB=\dimen147
\leftmarginFB=\dimen148
\parindentFFN=\dimen149
\FBfnindent=\dimen150
) (/nix/store/0kvrd6v7fsbb0sr5fbzlnybj3kxzh22y-texlive-combined-full-2022-final-texmfdist/tex/generic/babel-english/english.ldf
Language: english 2017/06/06 v3.3r English support from the babel system
Package babel Info: Hyphen rules for 'canadian' set to \l@english
(babel)             (\language0). Reported on input line 102.
Package babel Info: Hyphen rules for 'australian' set to \l@ukenglish
(babel)             (\language21). Reported on input line 105.
Package babel Info: Hyphen rules for 'newzealand' set to \l@ukenglish
(babel)             (\language21). Reported on input line 108.
)) (/nix/store/0kvrd6v7fsbb0sr5fbzlnybj3kxzh22y-texlive-combined-full-2022-final-texmfdist/tex/generic/babel/locale/en/babel-english.tex
Package babel Info: Importing font and identification data for english
(babel)             from babel-en.ini. Reported on input line 11.
) (/nix/store/0kvrd6v7fsbb0sr5fbzlnybj3kxzh22y-texlive-combined-full-2022-final-texmfdist/tex/generic/babel/locale/fr/babel-french.tex
Package babel Info: Importing font and identification data for french
(babel)             from babel-fr.ini. Reported on input line 11.
) (/nix/store/0kvrd6v7fsbb0sr5fbzlnybj3kxzh22y-texlive-combined-full-2022-final-texmfdist/tex/latex/carlisle/scalefnt.sty) (/nix/store/0kvrd6v7fsbb0sr5fbzlnybj3kxzh22y-texlive-combined-full-2022-final-texmfdist/tex/latex/graphics/keyval.sty
Package: keyval 2022/05/29 v1.15 key=value parser (DPC)
\KV@toks@=\toks17
) (/nix/store/0kvrd6v7fsbb0sr5fbzlnybj3kxzh22y-texlive-combined-full-2022-final-texmfdist/tex/latex/base/fontenc.sty
Package: fontenc 2021/04/29 v2.0v Standard LaTeX package
) (/nix/store/0kvrd6v7fsbb0sr5fbzlnybj3kxzh22y-texlive-combined-full-2022-final-texmfdist/tex/latex/base/inputenc.sty
Package: inputenc 2021/02/14 v1.3d Input encoding file
\inpenc@prehook=\toks18
\inpenc@posthook=\toks19
) (/nix/store/0kvrd6v7fsbb0sr5fbzlnybj3kxzh22y-texlive-combined-full-2022-final-texmfdist/tex/latex/preprint/fullpage.sty
Package: fullpage 1999/02/23 1.1 (PWD)
\FP@margin=\skip50
) (/nix/store/0kvrd6v7fsbb0sr5fbzlnybj3kxzh22y-texlive-combined-full-2022-final-texmfdist/tex/latex/graphics/graphicx.sty
Package: graphicx 2021/09/16 v1.2d Enhanced LaTeX Graphics (DPC,SPQR)
 (/nix/store/0kvrd6v7fsbb0sr5fbzlnybj3kxzh22y-texlive-combined-full-2022-final-texmfdist/tex/latex/graphics/graphics.sty
Package: graphics 2022/03/10 v1.4e Standard LaTeX Graphics (DPC,SPQR)
 (/nix/store/0kvrd6v7fsbb0sr5fbzlnybj3kxzh22y-texlive-combined-full-2022-final-texmfdist/tex/latex/graphics/trig.sty
Package: trig 2021/08/11 v1.11 sin cos tan (DPC)
) (/nix/store/0kvrd6v7fsbb0sr5fbzlnybj3kxzh22y-texlive-combined-full-2022-final-texmfdist/tex/latex/graphics-cfg/graphics.cfg
File: graphics.cfg 2016/06/04 v1.11 sample graphics configuration
)
Package graphics Info: Driver file: pdftex.def on input line 107.
 (/nix/store/0kvrd6v7fsbb0sr5fbzlnybj3kxzh22y-texlive-combined-full-2022-final-texmfdist/tex/latex/graphics-def/pdftex.def
File: pdftex.def 2022/09/22 v1.2b Graphics/color driver for pdftex
))
\Gin@req@height=\dimen151
\Gin@req@width=\dimen152
) (/nix/store/0kvrd6v7fsbb0sr5fbzlnybj3kxzh22y-texlive-combined-full-2022-final-texmfdist/tex/latex/comment/comment.sty
\CommentStream=\write3
 Excluding comment 'comment') (/nix/store/0kvrd6v7fsbb0sr5fbzlnybj3kxzh22y-texlive-combined-full-2022-final-texmfdist/tex/latex/xcolor/xcolor.sty
Package: xcolor 2022/06/12 v2.14 LaTeX color extensions (UK)
 (/nix/store/0kvrd6v7fsbb0sr5fbzlnybj3kxzh22y-texlive-combined-full-2022-final-texmfdist/tex/latex/graphics-cfg/color.cfg
File: color.cfg 2016/01/02 v1.6 sample color configuration
)
Package xcolor Info: Driver file: pdftex.def on input line 227.
 (/nix/store/0kvrd6v7fsbb0sr5fbzlnybj3kxzh22y-texlive-combined-full-2022-final-texmfdist/tex/latex/graphics/mathcolor.ltx)
Package xcolor Info: Model `cmy' substituted by `cmy0' on input line 1353.
Package xcolor Info: Model `hsb' substituted by `rgb' on input line 1357.
Package xcolor Info: Model `RGB' extended on input line 1369.
Package xcolor Info: Model `HTML' substituted by `rgb' on input line 1371.
Package xcolor Info: Model `Hsb' substituted by `hsb' on input line 1372.
Package xcolor Info: Model `tHsb' substituted by `hsb' on input line 1373.
Package xcolor Info: Model `HSB' substituted by `hsb' on input line 1374.
Package xcolor Info: Model `Gray' substituted by `gray' on input line 1375.
Package xcolor Info: Model `wave' substituted by `hsb' on input line 1376.
) (/nix/store/0kvrd6v7fsbb0sr5fbzlnybj3kxzh22y-texlive-combined-full-2022-final-texmfdist/tex/latex/listings/listings.sty
\lst@mode=\count268
\lst@gtempboxa=\box51
\lst@token=\toks20
\lst@length=\count269
\lst@currlwidth=\dimen153
\lst@column=\count270
\lst@pos=\count271
\lst@lostspace=\dimen154
\lst@width=\dimen155
\lst@newlines=\count272
\lst@lineno=\count273
\lst@maxwidth=\dimen156
 (/nix/store/0kvrd6v7fsbb0sr5fbzlnybj3kxzh22y-texlive-combined-full-2022-final-texmfdist/tex/latex/listings/lstmisc.sty
File: lstmisc.sty 2023/02/27 1.9 (Carsten Heinz)
\c@lstnumber=\count274
\lst@skipnumbers=\count275
\lst@framebox=\box52
) (/nix/store/0kvrd6v7fsbb0sr5fbzlnybj3kxzh22y-texlive-combined-full-2022-final-texmfdist/tex/latex/listings/listings.cfg
File: listings.cfg 2023/02/27 1.9 listings configuration
))
Package: listings 2023/02/27 1.9 (Carsten Heinz)
 (/nix/store/0kvrd6v7fsbb0sr5fbzlnybj3kxzh22y-texlive-combined-full-2022-final-texmfdist/tex/latex/amsmath/amsmath.sty
Package: amsmath 2022/04/08 v2.17n AMS math features
\@mathmargin=\skip51

For additional information on amsmath, use the `?' option.
(/nix/store/0kvrd6v7fsbb0sr5fbzlnybj3kxzh22y-texlive-combined-full-2022-final-texmfdist/tex/latex/amsmath/amstext.sty
Package: amstext 2021/08/26 v2.01 AMS text
 (/nix/store/0kvrd6v7fsbb0sr5fbzlnybj3kxzh22y-texlive-combined-full-2022-final-texmfdist/tex/latex/amsmath/amsgen.sty
File: amsgen.sty 1999/11/30 v2.0 generic functions
\@emptytoks=\toks21
\ex@=\dimen157
)) (/nix/store/0kvrd6v7fsbb0sr5fbzlnybj3kxzh22y-texlive-combined-full-2022-final-texmfdist/tex/latex/amsmath/amsbsy.sty
Package: amsbsy 1999/11/29 v1.2d Bold Symbols
\pmbraise@=\dimen158
) (/nix/store/0kvrd6v7fsbb0sr5fbzlnybj3kxzh22y-texlive-combined-full-2022-final-texmfdist/tex/latex/amsmath/amsopn.sty
Package: amsopn 2022/04/08 v2.04 operator names
)
\inf@bad=\count276
LaTeX Info: Redefining \frac on input line 234.
\uproot@=\count277
\leftroot@=\count278
LaTeX Info: Redefining \overline on input line 399.
LaTeX Info: Redefining \colon on input line 410.
\classnum@=\count279
\DOTSCASE@=\count280
LaTeX Info: Redefining \ldots on input line 496.
LaTeX Info: Redefining \dots on input line 499.
LaTeX Info: Redefining \cdots on input line 620.
\Mathstrutbox@=\box53
\strutbox@=\box54
LaTeX Info: Redefining \big on input line 722.
LaTeX Info: Redefining \Big on input line 723.
LaTeX Info: Redefining \bigg on input line 724.
LaTeX Info: Redefining \Bigg on input line 725.
\big@size=\dimen159
LaTeX Font Info:    Redeclaring font encoding OML on input line 743.
LaTeX Font Info:    Redeclaring font encoding OMS on input line 744.
\macc@depth=\count281
LaTeX Info: Redefining \bmod on input line 905.
LaTeX Info: Redefining \pmod on input line 910.
LaTeX Info: Redefining \smash on input line 940.
LaTeX Info: Redefining \relbar on input line 970.
LaTeX Info: Redefining \Relbar on input line 971.
\c@MaxMatrixCols=\count282
\dotsspace@=\muskip16
\c@parentequation=\count283
\dspbrk@lvl=\count284
\tag@help=\toks22
\row@=\count285
\column@=\count286
\maxfields@=\count287
\andhelp@=\toks23
\eqnshift@=\dimen160
\alignsep@=\dimen161
\tagshift@=\dimen162
\tagwidth@=\dimen163
\totwidth@=\dimen164
\lineht@=\dimen165
\@envbody=\toks24
\multlinegap=\skip52
\multlinetaggap=\skip53
\mathdisplay@stack=\toks25
LaTeX Info: Redefining \[ on input line 2953.
LaTeX Info: Redefining \] on input line 2954.
) (/nix/store/0kvrd6v7fsbb0sr5fbzlnybj3kxzh22y-texlive-combined-full-2022-final-texmfdist/tex/latex/pgf/frontendlayer/tikz.sty (/nix/store/0kvrd6v7fsbb0sr5fbzlnybj3kxzh22y-texlive-combined-full-2022-final-texmfdist/tex/latex/pgf/basiclayer/pgf.sty (/nix/store/0kvrd6v7fsbb0sr5fbzlnybj3kxzh22y-texlive-combined-full-2022-final-texmfdist/tex/latex/pgf/utilities/pgfrcs.sty (/nix/store/0kvrd6v7fsbb0sr5fbzlnybj3kxzh22y-texlive-combined-full-2022-final-texmfdist/tex/generic/pgf/utilities/pgfutil-common.tex
\pgfutil@everybye=\toks26
\pgfutil@tempdima=\dimen166
\pgfutil@tempdimb=\dimen167
) (/nix/store/0kvrd6v7fsbb0sr5fbzlnybj3kxzh22y-texlive-combined-full-2022-final-texmfdist/tex/generic/pgf/utilities/pgfutil-latex.def
\pgfutil@abb=\box55
) (/nix/store/0kvrd6v7fsbb0sr5fbzlnybj3kxzh22y-texlive-combined-full-2022-final-texmfdist/tex/generic/pgf/utilities/pgfrcs.code.tex (/nix/store/0kvrd6v7fsbb0sr5fbzlnybj3kxzh22y-texlive-combined-full-2022-final-texmfdist/tex/generic/pgf/pgf.revision.tex)
Package: pgfrcs 2023-01-15 v3.1.10 (3.1.10)
))
Package: pgf 2023-01-15 v3.1.10 (3.1.10)
 (/nix/store/0kvrd6v7fsbb0sr5fbzlnybj3kxzh22y-texlive-combined-full-2022-final-texmfdist/tex/latex/pgf/basiclayer/pgfcore.sty (/nix/store/0kvrd6v7fsbb0sr5fbzlnybj3kxzh22y-texlive-combined-full-2022-final-texmfdist/tex/latex/pgf/systemlayer/pgfsys.sty (/nix/store/0kvrd6v7fsbb0sr5fbzlnybj3kxzh22y-texlive-combined-full-2022-final-texmfdist/tex/generic/pgf/systemlayer/pgfsys.code.tex
Package: pgfsys 2023-01-15 v3.1.10 (3.1.10)
 (/nix/store/0kvrd6v7fsbb0sr5fbzlnybj3kxzh22y-texlive-combined-full-2022-final-texmfdist/tex/generic/pgf/utilities/pgfkeys.code.tex
\pgfkeys@pathtoks=\toks27
\pgfkeys@temptoks=\toks28
 (/nix/store/0kvrd6v7fsbb0sr5fbzlnybj3kxzh22y-texlive-combined-full-2022-final-texmfdist/tex/generic/pgf/utilities/pgfkeyslibraryfiltered.code.tex
\pgfkeys@tmptoks=\toks29
))
\pgf@x=\dimen168
\pgf@y=\dimen169
\pgf@xa=\dimen170
\pgf@ya=\dimen171
\pgf@xb=\dimen172
\pgf@yb=\dimen173
\pgf@xc=\dimen174
\pgf@yc=\dimen175
\pgf@xd=\dimen176
\pgf@yd=\dimen177
\w@pgf@writea=\write4
\r@pgf@reada=\read3
\c@pgf@counta=\count288
\c@pgf@countb=\count289
\c@pgf@countc=\count290
\c@pgf@countd=\count291
\t@pgf@toka=\toks30
\t@pgf@tokb=\toks31
\t@pgf@tokc=\toks32
\pgf@sys@id@count=\count292
 (/nix/store/0kvrd6v7fsbb0sr5fbzlnybj3kxzh22y-texlive-combined-full-2022-final-texmfdist/tex/generic/pgf/systemlayer/pgf.cfg
File: pgf.cfg 2023-01-15 v3.1.10 (3.1.10)
)
Driver file for pgf: pgfsys-pdftex.def
 (/nix/store/0kvrd6v7fsbb0sr5fbzlnybj3kxzh22y-texlive-combined-full-2022-final-texmfdist/tex/generic/pgf/systemlayer/pgfsys-pdftex.def
File: pgfsys-pdftex.def 2023-01-15 v3.1.10 (3.1.10)
 (/nix/store/0kvrd6v7fsbb0sr5fbzlnybj3kxzh22y-texlive-combined-full-2022-final-texmfdist/tex/generic/pgf/systemlayer/pgfsys-common-pdf.def
File: pgfsys-common-pdf.def 2023-01-15 v3.1.10 (3.1.10)
))) (/nix/store/0kvrd6v7fsbb0sr5fbzlnybj3kxzh22y-texlive-combined-full-2022-final-texmfdist/tex/generic/pgf/systemlayer/pgfsyssoftpath.code.tex
File: pgfsyssoftpath.code.tex 2023-01-15 v3.1.10 (3.1.10)
\pgfsyssoftpath@smallbuffer@items=\count293
\pgfsyssoftpath@bigbuffer@items=\count294
) (/nix/store/0kvrd6v7fsbb0sr5fbzlnybj3kxzh22y-texlive-combined-full-2022-final-texmfdist/tex/generic/pgf/systemlayer/pgfsysprotocol.code.tex
File: pgfsysprotocol.code.tex 2023-01-15 v3.1.10 (3.1.10)
)) (/nix/store/0kvrd6v7fsbb0sr5fbzlnybj3kxzh22y-texlive-combined-full-2022-final-texmfdist/tex/generic/pgf/basiclayer/pgfcore.code.tex
Package: pgfcore 2023-01-15 v3.1.10 (3.1.10)
 (/nix/store/0kvrd6v7fsbb0sr5fbzlnybj3kxzh22y-texlive-combined-full-2022-final-texmfdist/tex/generic/pgf/math/pgfmath.code.tex (/nix/store/0kvrd6v7fsbb0sr5fbzlnybj3kxzh22y-texlive-combined-full-2022-final-texmfdist/tex/generic/pgf/math/pgfmathutil.code.tex) (/nix/store/0kvrd6v7fsbb0sr5fbzlnybj3kxzh22y-texlive-combined-full-2022-final-texmfdist/tex/generic/pgf/math/pgfmathparser.code.tex
\pgfmath@dimen=\dimen178
\pgfmath@count=\count295
\pgfmath@box=\box56
\pgfmath@toks=\toks33
\pgfmath@stack@operand=\toks34
\pgfmath@stack@operation=\toks35
) (/nix/store/0kvrd6v7fsbb0sr5fbzlnybj3kxzh22y-texlive-combined-full-2022-final-texmfdist/tex/generic/pgf/math/pgfmathfunctions.code.tex) (/nix/store/0kvrd6v7fsbb0sr5fbzlnybj3kxzh22y-texlive-combined-full-2022-final-texmfdist/tex/generic/pgf/math/pgfmathfunctions.basic.code.tex) (/nix/store/0kvrd6v7fsbb0sr5fbzlnybj3kxzh22y-texlive-combined-full-2022-final-texmfdist/tex/generic/pgf/math/pgfmathfunctions.trigonometric.code.tex) (/nix/store/0kvrd6v7fsbb0sr5fbzlnybj3kxzh22y-texlive-combined-full-2022-final-texmfdist/tex/generic/pgf/math/pgfmathfunctions.random.code.tex) (/nix/store/0kvrd6v7fsbb0sr5fbzlnybj3kxzh22y-texlive-combined-full-2022-final-texmfdist/tex/generic/pgf/math/pgfmathfunctions.comparison.code.tex) (/nix/store/0kvrd6v7fsbb0sr5fbzlnybj3kxzh22y-texlive-combined-full-2022-final-texmfdist/tex/generic/pgf/math/pgfmathfunctions.base.code.tex) (/nix/store/0kvrd6v7fsbb0sr5fbzlnybj3kxzh22y-texlive-combined-full-2022-final-texmfdist/tex/generic/pgf/math/pgfmathfunctions.round.code.tex) (/nix/store/0kvrd6v7fsbb0sr5fbzlnybj3kxzh22y-texlive-combined-full-2022-final-texmfdist/tex/generic/pgf/math/pgfmathfunctions.misc.code.tex) (/nix/store/0kvrd6v7fsbb0sr5fbzlnybj3kxzh22y-texlive-combined-full-2022-final-texmfdist/tex/generic/pgf/math/pgfmathfunctions.integerarithmetics.code.tex) (/nix/store/0kvrd6v7fsbb0sr5fbzlnybj3kxzh22y-texlive-combined-full-2022-final-texmfdist/tex/generic/pgf/math/pgfmathcalc.code.tex) (/nix/store/0kvrd6v7fsbb0sr5fbzlnybj3kxzh22y-texlive-combined-full-2022-final-texmfdist/tex/generic/pgf/math/pgfmathfloat.code.tex
\c@pgfmathroundto@lastzeros=\count296
)) (/nix/store/0kvrd6v7fsbb0sr5fbzlnybj3kxzh22y-texlive-combined-full-2022-final-texmfdist/tex/generic/pgf/math/pgfint.code.tex) (/nix/store/0kvrd6v7fsbb0sr5fbzlnybj3kxzh22y-texlive-combined-full-2022-final-texmfdist/tex/generic/pgf/basiclayer/pgfcorepoints.code.tex
File: pgfcorepoints.code.tex 2023-01-15 v3.1.10 (3.1.10)
\pgf@picminx=\dimen179
\pgf@picmaxx=\dimen180
\pgf@picminy=\dimen181
\pgf@picmaxy=\dimen182
\pgf@pathminx=\dimen183
\pgf@pathmaxx=\dimen184
\pgf@pathminy=\dimen185
\pgf@pathmaxy=\dimen186
\pgf@xx=\dimen187
\pgf@xy=\dimen188
\pgf@yx=\dimen189
\pgf@yy=\dimen190
\pgf@zx=\dimen191
\pgf@zy=\dimen192
) (/nix/store/0kvrd6v7fsbb0sr5fbzlnybj3kxzh22y-texlive-combined-full-2022-final-texmfdist/tex/generic/pgf/basiclayer/pgfcorepathconstruct.code.tex
File: pgfcorepathconstruct.code.tex 2023-01-15 v3.1.10 (3.1.10)
\pgf@path@lastx=\dimen193
\pgf@path@lasty=\dimen194
) (/nix/store/0kvrd6v7fsbb0sr5fbzlnybj3kxzh22y-texlive-combined-full-2022-final-texmfdist/tex/generic/pgf/basiclayer/pgfcorepathusage.code.tex
File: pgfcorepathusage.code.tex 2023-01-15 v3.1.10 (3.1.10)
\pgf@shorten@end@additional=\dimen195
\pgf@shorten@start@additional=\dimen196
) (/nix/store/0kvrd6v7fsbb0sr5fbzlnybj3kxzh22y-texlive-combined-full-2022-final-texmfdist/tex/generic/pgf/basiclayer/pgfcorescopes.code.tex
File: pgfcorescopes.code.tex 2023-01-15 v3.1.10 (3.1.10)
\pgfpic=\box57
\pgf@hbox=\box58
\pgf@layerbox@main=\box59
\pgf@picture@serial@count=\count297
) (/nix/store/0kvrd6v7fsbb0sr5fbzlnybj3kxzh22y-texlive-combined-full-2022-final-texmfdist/tex/generic/pgf/basiclayer/pgfcoregraphicstate.code.tex
File: pgfcoregraphicstate.code.tex 2023-01-15 v3.1.10 (3.1.10)
\pgflinewidth=\dimen197
) (/nix/store/0kvrd6v7fsbb0sr5fbzlnybj3kxzh22y-texlive-combined-full-2022-final-texmfdist/tex/generic/pgf/basiclayer/pgfcoretransformations.code.tex
File: pgfcoretransformations.code.tex 2023-01-15 v3.1.10 (3.1.10)
\pgf@pt@x=\dimen198
\pgf@pt@y=\dimen199
\pgf@pt@temp=\dimen256
) (/nix/store/0kvrd6v7fsbb0sr5fbzlnybj3kxzh22y-texlive-combined-full-2022-final-texmfdist/tex/generic/pgf/basiclayer/pgfcorequick.code.tex
File: pgfcorequick.code.tex 2023-01-15 v3.1.10 (3.1.10)
) (/nix/store/0kvrd6v7fsbb0sr5fbzlnybj3kxzh22y-texlive-combined-full-2022-final-texmfdist/tex/generic/pgf/basiclayer/pgfcoreobjects.code.tex
File: pgfcoreobjects.code.tex 2023-01-15 v3.1.10 (3.1.10)
) (/nix/store/0kvrd6v7fsbb0sr5fbzlnybj3kxzh22y-texlive-combined-full-2022-final-texmfdist/tex/generic/pgf/basiclayer/pgfcorepathprocessing.code.tex
File: pgfcorepathprocessing.code.tex 2023-01-15 v3.1.10 (3.1.10)
) (/nix/store/0kvrd6v7fsbb0sr5fbzlnybj3kxzh22y-texlive-combined-full-2022-final-texmfdist/tex/generic/pgf/basiclayer/pgfcorearrows.code.tex
File: pgfcorearrows.code.tex 2023-01-15 v3.1.10 (3.1.10)
\pgfarrowsep=\dimen257
) (/nix/store/0kvrd6v7fsbb0sr5fbzlnybj3kxzh22y-texlive-combined-full-2022-final-texmfdist/tex/generic/pgf/basiclayer/pgfcoreshade.code.tex
File: pgfcoreshade.code.tex 2023-01-15 v3.1.10 (3.1.10)
\pgf@max=\dimen258
\pgf@sys@shading@range@num=\count298
\pgf@shadingcount=\count299
) (/nix/store/0kvrd6v7fsbb0sr5fbzlnybj3kxzh22y-texlive-combined-full-2022-final-texmfdist/tex/generic/pgf/basiclayer/pgfcoreimage.code.tex
File: pgfcoreimage.code.tex 2023-01-15 v3.1.10 (3.1.10)
) (/nix/store/0kvrd6v7fsbb0sr5fbzlnybj3kxzh22y-texlive-combined-full-2022-final-texmfdist/tex/generic/pgf/basiclayer/pgfcoreexternal.code.tex
File: pgfcoreexternal.code.tex 2023-01-15 v3.1.10 (3.1.10)
\pgfexternal@startupbox=\box60
) (/nix/store/0kvrd6v7fsbb0sr5fbzlnybj3kxzh22y-texlive-combined-full-2022-final-texmfdist/tex/generic/pgf/basiclayer/pgfcorelayers.code.tex
File: pgfcorelayers.code.tex 2023-01-15 v3.1.10 (3.1.10)
) (/nix/store/0kvrd6v7fsbb0sr5fbzlnybj3kxzh22y-texlive-combined-full-2022-final-texmfdist/tex/generic/pgf/basiclayer/pgfcoretransparency.code.tex
File: pgfcoretransparency.code.tex 2023-01-15 v3.1.10 (3.1.10)
) (/nix/store/0kvrd6v7fsbb0sr5fbzlnybj3kxzh22y-texlive-combined-full-2022-final-texmfdist/tex/generic/pgf/basiclayer/pgfcorepatterns.code.tex
File: pgfcorepatterns.code.tex 2023-01-15 v3.1.10 (3.1.10)
) (/nix/store/0kvrd6v7fsbb0sr5fbzlnybj3kxzh22y-texlive-combined-full-2022-final-texmfdist/tex/generic/pgf/basiclayer/pgfcorerdf.code.tex
File: pgfcorerdf.code.tex 2023-01-15 v3.1.10 (3.1.10)
))) (/nix/store/0kvrd6v7fsbb0sr5fbzlnybj3kxzh22y-texlive-combined-full-2022-final-texmfdist/tex/generic/pgf/modules/pgfmoduleshapes.code.tex
File: pgfmoduleshapes.code.tex 2023-01-15 v3.1.10 (3.1.10)
\pgfnodeparttextbox=\box61
) (/nix/store/0kvrd6v7fsbb0sr5fbzlnybj3kxzh22y-texlive-combined-full-2022-final-texmfdist/tex/generic/pgf/modules/pgfmoduleplot.code.tex
File: pgfmoduleplot.code.tex 2023-01-15 v3.1.10 (3.1.10)
) (/nix/store/0kvrd6v7fsbb0sr5fbzlnybj3kxzh22y-texlive-combined-full-2022-final-texmfdist/tex/latex/pgf/compatibility/pgfcomp-version-0-65.sty
Package: pgfcomp-version-0-65 2023-01-15 v3.1.10 (3.1.10)
\pgf@nodesepstart=\dimen259
\pgf@nodesepend=\dimen260
) (/nix/store/0kvrd6v7fsbb0sr5fbzlnybj3kxzh22y-texlive-combined-full-2022-final-texmfdist/tex/latex/pgf/compatibility/pgfcomp-version-1-18.sty
Package: pgfcomp-version-1-18 2023-01-15 v3.1.10 (3.1.10)
)) (/nix/store/0kvrd6v7fsbb0sr5fbzlnybj3kxzh22y-texlive-combined-full-2022-final-texmfdist/tex/latex/pgf/utilities/pgffor.sty (/nix/store/0kvrd6v7fsbb0sr5fbzlnybj3kxzh22y-texlive-combined-full-2022-final-texmfdist/tex/latex/pgf/utilities/pgfkeys.sty (/nix/store/0kvrd6v7fsbb0sr5fbzlnybj3kxzh22y-texlive-combined-full-2022-final-texmfdist/tex/generic/pgf/utilities/pgfkeys.code.tex)) (/nix/store/0kvrd6v7fsbb0sr5fbzlnybj3kxzh22y-texlive-combined-full-2022-final-texmfdist/tex/latex/pgf/math/pgfmath.sty (/nix/store/0kvrd6v7fsbb0sr5fbzlnybj3kxzh22y-texlive-combined-full-2022-final-texmfdist/tex/generic/pgf/math/pgfmath.code.tex)) (/nix/store/0kvrd6v7fsbb0sr5fbzlnybj3kxzh22y-texlive-combined-full-2022-final-texmfdist/tex/generic/pgf/utilities/pgffor.code.tex
Package: pgffor 2023-01-15 v3.1.10 (3.1.10)
\pgffor@iter=\dimen261
\pgffor@skip=\dimen262
\pgffor@stack=\toks36
\pgffor@toks=\toks37
)) (/nix/store/0kvrd6v7fsbb0sr5fbzlnybj3kxzh22y-texlive-combined-full-2022-final-texmfdist/tex/generic/pgf/frontendlayer/tikz/tikz.code.tex
Package: tikz 2023-01-15 v3.1.10 (3.1.10)
 (/nix/store/0kvrd6v7fsbb0sr5fbzlnybj3kxzh22y-texlive-combined-full-2022-final-texmfdist/tex/generic/pgf/libraries/pgflibraryplothandlers.code.tex
File: pgflibraryplothandlers.code.tex 2023-01-15 v3.1.10 (3.1.10)
\pgf@plot@mark@count=\count300
\pgfplotmarksize=\dimen263
)
\tikz@lastx=\dimen264
\tikz@lasty=\dimen265
\tikz@lastxsaved=\dimen266
\tikz@lastysaved=\dimen267
\tikz@lastmovetox=\dimen268
\tikz@lastmovetoy=\dimen269
\tikzleveldistance=\dimen270
\tikzsiblingdistance=\dimen271
\tikz@figbox=\box62
\tikz@figbox@bg=\box63
\tikz@tempbox=\box64
\tikz@tempbox@bg=\box65
\tikztreelevel=\count301
\tikznumberofchildren=\count302
\tikznumberofcurrentchild=\count303
\tikz@fig@count=\count304
 (/nix/store/0kvrd6v7fsbb0sr5fbzlnybj3kxzh22y-texlive-combined-full-2022-final-texmfdist/tex/generic/pgf/modules/pgfmodulematrix.code.tex
File: pgfmodulematrix.code.tex 2023-01-15 v3.1.10 (3.1.10)
\pgfmatrixcurrentrow=\count305
\pgfmatrixcurrentcolumn=\count306
\pgf@matrix@numberofcolumns=\count307
)
\tikz@expandcount=\count308
 (/nix/store/0kvrd6v7fsbb0sr5fbzlnybj3kxzh22y-texlive-combined-full-2022-final-texmfdist/tex/generic/pgf/frontendlayer/tikz/libraries/tikzlibrarytopaths.code.tex
File: tikzlibrarytopaths.code.tex 2023-01-15 v3.1.10 (3.1.10)
))) (/nix/store/0kvrd6v7fsbb0sr5fbzlnybj3kxzh22y-texlive-combined-full-2022-final-texmfdist/tex/latex/hyperref/hyperref.sty
Package: hyperref 2023-02-07 v7.00v Hypertext links for LaTeX
 (/nix/store/0kvrd6v7fsbb0sr5fbzlnybj3kxzh22y-texlive-combined-full-2022-final-texmfdist/tex/generic/ltxcmds/ltxcmds.sty
Package: ltxcmds 2020-05-10 v1.25 LaTeX kernel commands for general use (HO)
) (/nix/store/0kvrd6v7fsbb0sr5fbzlnybj3kxzh22y-texlive-combined-full-2022-final-texmfdist/tex/generic/iftex/iftex.sty
Package: iftex 2022/02/03 v1.0f TeX engine tests
) (/nix/store/0kvrd6v7fsbb0sr5fbzlnybj3kxzh22y-texlive-combined-full-2022-final-texmfdist/tex/generic/pdftexcmds/pdftexcmds.sty
Package: pdftexcmds 2020-06-27 v0.33 Utility functions of pdfTeX for LuaTeX (HO)
 (/nix/store/0kvrd6v7fsbb0sr5fbzlnybj3kxzh22y-texlive-combined-full-2022-final-texmfdist/tex/generic/infwarerr/infwarerr.sty
Package: infwarerr 2019/12/03 v1.5 Providing info/warning/error messages (HO)
)
Package pdftexcmds Info: \pdf@primitive is available.
Package pdftexcmds Info: \pdf@ifprimitive is available.
Package pdftexcmds Info: \pdfdraftmode found.
) (/nix/store/0kvrd6v7fsbb0sr5fbzlnybj3kxzh22y-texlive-combined-full-2022-final-texmfdist/tex/latex/kvsetkeys/kvsetkeys.sty
Package: kvsetkeys 2022-10-05 v1.19 Key value parser (HO)
)
(/nix/store/0kvrd6v7fsbb0sr5fbzlnybj3kxzh22y-texlive-combined-full-2022-final-texmfdist/tex/generic/kvdefinekeys/kvdefinekeys.sty
Package: kvdefinekeys 2019-12-19 v1.6 Define keys (HO)
) (/nix/store/0kvrd6v7fsbb0sr5fbzlnybj3kxzh22y-texlive-combined-full-2022-final-texmfdist/tex/generic/pdfescape/pdfescape.sty
Package: pdfescape 2019/12/09 v1.15 Implements pdfTeX's escape features (HO)
) (/nix/store/0kvrd6v7fsbb0sr5fbzlnybj3kxzh22y-texlive-combined-full-2022-final-texmfdist/tex/latex/hycolor/hycolor.sty
Package: hycolor 2020-01-27 v1.10 Color options for hyperref/bookmark (HO)
) (/nix/store/0kvrd6v7fsbb0sr5fbzlnybj3kxzh22y-texlive-combined-full-2022-final-texmfdist/tex/latex/letltxmacro/letltxmacro.sty
Package: letltxmacro 2019/12/03 v1.6 Let assignment for LaTeX macros (HO)
) (/nix/store/0kvrd6v7fsbb0sr5fbzlnybj3kxzh22y-texlive-combined-full-2022-final-texmfdist/tex/latex/auxhook/auxhook.sty
Package: auxhook 2019-12-17 v1.6 Hooks for auxiliary files (HO)
) (/nix/store/0kvrd6v7fsbb0sr5fbzlnybj3kxzh22y-texlive-combined-full-2022-final-texmfdist/tex/latex/hyperref/nameref.sty
Package: nameref 2022-05-17 v2.50 Cross-referencing by name of section
 (/nix/store/0kvrd6v7fsbb0sr5fbzlnybj3kxzh22y-texlive-combined-full-2022-final-texmfdist/tex/latex/refcount/refcount.sty
Package: refcount 2019/12/15 v3.6 Data extraction from label references (HO)
) (/nix/store/0kvrd6v7fsbb0sr5fbzlnybj3kxzh22y-texlive-combined-full-2022-final-texmfdist/tex/generic/gettitlestring/gettitlestring.sty
Package: gettitlestring 2019/12/15 v1.6 Cleanup title references (HO)
 (/nix/store/0kvrd6v7fsbb0sr5fbzlnybj3kxzh22y-texlive-combined-full-2022-final-texmfdist/tex/latex/kvoptions/kvoptions.sty
Package: kvoptions 2022-06-15 v3.15 Key value format for package options (HO)
))
\c@section@level=\count309
)
\@linkdim=\dimen272
\Hy@linkcounter=\count310
\Hy@pagecounter=\count311
 (/nix/store/0kvrd6v7fsbb0sr5fbzlnybj3kxzh22y-texlive-combined-full-2022-final-texmfdist/tex/latex/hyperref/pd1enc.def
File: pd1enc.def 2023-02-07 v7.00v Hyperref: PDFDocEncoding definition (HO)
Now handling font encoding PD1 ...
... no UTF-8 mapping file for font encoding PD1
) (/nix/store/0kvrd6v7fsbb0sr5fbzlnybj3kxzh22y-texlive-combined-full-2022-final-texmfdist/tex/generic/intcalc/intcalc.sty
Package: intcalc 2019/12/15 v1.3 Expandable calculations with integers (HO)
) (/nix/store/0kvrd6v7fsbb0sr5fbzlnybj3kxzh22y-texlive-combined-full-2022-final-texmfdist/tex/generic/etexcmds/etexcmds.sty
Package: etexcmds 2019/12/15 v1.7 Avoid name clashes with e-TeX commands (HO)
)
\Hy@SavedSpaceFactor=\count312
 (/nix/store/0kvrd6v7fsbb0sr5fbzlnybj3kxzh22y-texlive-combined-full-2022-final-texmfdist/tex/latex/hyperref/puenc.def
File: puenc.def 2023-02-07 v7.00v Hyperref: PDF Unicode definition (HO)
Now handling font encoding PU ...
... no UTF-8 mapping file for font encoding PU
)
Package hyperref Info: Hyper figures OFF on input line 4177.
Package hyperref Info: Link nesting OFF on input line 4182.
Package hyperref Info: Hyper index ON on input line 4185.
Package hyperref Info: Plain pages OFF on input line 4192.
Package hyperref Info: Backreferencing OFF on input line 4197.
Package hyperref Info: Implicit mode ON; LaTeX internals redefined.
Package hyperref Info: Bookmarks ON on input line 4425.
\c@Hy@tempcnt=\count313
 (/nix/store/0kvrd6v7fsbb0sr5fbzlnybj3kxzh22y-texlive-combined-full-2022-final-texmfdist/tex/latex/url/url.sty
\Urlmuskip=\muskip17
Package: url 2013/09/16  ver 3.4  Verb mode for urls, etc.
)
LaTeX Info: Redefining \url on input line 4763.
\XeTeXLinkMargin=\dimen273
 (/nix/store/0kvrd6v7fsbb0sr5fbzlnybj3kxzh22y-texlive-combined-full-2022-final-texmfdist/tex/generic/bitset/bitset.sty
Package: bitset 2019/12/09 v1.3 Handle bit-vector datatype (HO)
 (/nix/store/0kvrd6v7fsbb0sr5fbzlnybj3kxzh22y-texlive-combined-full-2022-final-texmfdist/tex/generic/bigintcalc/bigintcalc.sty
Package: bigintcalc 2019/12/15 v1.5 Expandable calculations on big integers (HO)
))
\Fld@menulength=\count314
\Field@Width=\dimen274
\Fld@charsize=\dimen275
Package hyperref Info: Hyper figures OFF on input line 6042.
Package hyperref Info: Link nesting OFF on input line 6047.
Package hyperref Info: Hyper index ON on input line 6050.
Package hyperref Info: backreferencing OFF on input line 6057.
Package hyperref Info: Link coloring OFF on input line 6062.
Package hyperref Info: Link coloring with OCG OFF on input line 6067.
Package hyperref Info: PDF/A mode OFF on input line 6072.
 (/nix/store/0kvrd6v7fsbb0sr5fbzlnybj3kxzh22y-texlive-combined-full-2022-final-texmfdist/tex/latex/base/atbegshi-ltx.sty
Package: atbegshi-ltx 2021/01/10 v1.0c Emulation of the original atbegshi
package with kernel methods
)
\Hy@abspage=\count315
\c@Item=\count316
\c@Hfootnote=\count317
)
Package hyperref Info: Driver (autodetected): hpdftex.
 (/nix/store/0kvrd6v7fsbb0sr5fbzlnybj3kxzh22y-texlive-combined-full-2022-final-texmfdist/tex/latex/hyperref/hpdftex.def
File: hpdftex.def 2023-02-07 v7.00v Hyperref driver for pdfTeX
 (/nix/store/0kvrd6v7fsbb0sr5fbzlnybj3kxzh22y-texlive-combined-full-2022-final-texmfdist/tex/latex/base/atveryend-ltx.sty
Package: atveryend-ltx 2020/08/19 v1.0a Emulation of the original atveryend package
with kernel methods
)
\Fld@listcount=\count318
\c@bookmark@seq@number=\count319
 (/nix/store/0kvrd6v7fsbb0sr5fbzlnybj3kxzh22y-texlive-combined-full-2022-final-texmfdist/tex/latex/rerunfilecheck/rerunfilecheck.sty
Package: rerunfilecheck 2022-07-10 v1.10 Rerun checks for auxiliary files (HO)
 (/nix/store/0kvrd6v7fsbb0sr5fbzlnybj3kxzh22y-texlive-combined-full-2022-final-texmfdist/tex/generic/uniquecounter/uniquecounter.sty
Package: uniquecounter 2019/12/15 v1.4 Provide unlimited unique counter (HO)
)
Package uniquecounter Info: New unique counter `rerunfilecheck' on input line 285.
)
\Hy@SectionHShift=\skip54
) (/nix/store/0kvrd6v7fsbb0sr5fbzlnybj3kxzh22y-texlive-combined-full-2022-final-texmfdist/tex/latex/wrapfig/wrapfig.sty
\wrapoverhang=\dimen276
\WF@size=\dimen277
\c@WF@wrappedlines=\count320
\WF@box=\box66
\WF@everypar=\toks38
Package: wrapfig 2003/01/31  v 3.6
) (/nix/store/0kvrd6v7fsbb0sr5fbzlnybj3kxzh22y-texlive-combined-full-2022-final-texmfdist/tex/latex/biblatex/biblatex.sty
Package: biblatex 2023/03/05 v3.19 programmable bibliographies (PK/MW)
 (/nix/store/0kvrd6v7fsbb0sr5fbzlnybj3kxzh22y-texlive-combined-full-2022-final-texmfdist/tex/latex/etoolbox/etoolbox.sty
Package: etoolbox 2020/10/05 v2.5k e-TeX tools for LaTeX (JAW)
\etb@tempcnta=\count321
) (/nix/store/0kvrd6v7fsbb0sr5fbzlnybj3kxzh22y-texlive-combined-full-2022-final-texmfdist/tex/latex/logreq/logreq.sty
Package: logreq 2010/08/04 v1.0 xml request logger
\lrq@indent=\count322
 (/nix/store/0kvrd6v7fsbb0sr5fbzlnybj3kxzh22y-texlive-combined-full-2022-final-texmfdist/tex/latex/logreq/logreq.def
File: logreq.def 2010/08/04 v1.0 logreq spec v1.0
)) (/nix/store/0kvrd6v7fsbb0sr5fbzlnybj3kxzh22y-texlive-combined-full-2022-final-texmfdist/tex/latex/base/ifthen.sty
Package: ifthen 2022/04/13 v1.1d Standard LaTeX ifthen package (DPC)
)
\c@tabx@nest=\count323
\c@listtotal=\count324
\c@listcount=\count325
\c@liststart=\count326
\c@liststop=\count327
\c@citecount=\count328
\c@citetotal=\count329
\c@multicitecount=\count330
\c@multicitetotal=\count331
\c@instcount=\count332
\c@maxnames=\count333
\c@minnames=\count334
\c@maxitems=\count335
\c@minitems=\count336
\c@citecounter=\count337
\c@maxcitecounter=\count338
\c@savedcitecounter=\count339
\c@uniquelist=\count340
\c@uniquename=\count341
\c@refsection=\count342
\c@refsegment=\count343
\c@maxextratitle=\count344
\c@maxextratitleyear=\count345
\c@maxextraname=\count346
\c@maxextradate=\count347
\c@maxextraalpha=\count348
\c@abbrvpenalty=\count349
\c@highnamepenalty=\count350
\c@lownamepenalty=\count351
\c@maxparens=\count352
\c@parenlevel=\count353
\blx@tempcnta=\count354
\blx@tempcntb=\count355
\blx@tempcntc=\count356
\c@blx@maxsection=\count357
\blx@maxsegment@0=\count358
\blx@notetype=\count359
\blx@parenlevel@text=\count360
\blx@parenlevel@foot=\count361
\blx@sectionciteorder@0=\count362
\blx@sectionciteorderinternal@0=\count363
\blx@entrysetcounter=\count364
\blx@biblioinstance=\count365
\labelnumberwidth=\skip55
\labelalphawidth=\skip56
\biblabelsep=\skip57
\bibitemsep=\skip58
\bibnamesep=\skip59
\bibinitsep=\skip60
\bibparsep=\skip61
\bibhang=\skip62
\blx@bcfin=\read4
\blx@bcfout=\write5
\blx@langwohyphens=\language88
\c@mincomprange=\count366
\c@maxcomprange=\count367
\c@mincompwidth=\count368
Package biblatex Info: Trying to load biblatex default data model...
Package biblatex Info: ... file 'blx-dm.def' found.
 (/nix/store/0kvrd6v7fsbb0sr5fbzlnybj3kxzh22y-texlive-combined-full-2022-final-texmfdist/tex/latex/biblatex/blx-dm.def
File: blx-dm.def 2023/03/05 v3.19 biblatex localization (PK/MW)
)
Package biblatex Info: Trying to load biblatex style data model...
Package biblatex Info: ... file 'alphabetic.dbx' not found.
Package biblatex Info: Trying to load biblatex custom data model...
Package biblatex Info: ... file 'biblatex-dm.cfg' not found.
\c@afterword=\count369
\c@savedafterword=\count370
\c@annotator=\count371
\c@savedannotator=\count372
\c@author=\count373
\c@savedauthor=\count374
\c@bookauthor=\count375
\c@savedbookauthor=\count376
\c@commentator=\count377
\c@savedcommentator=\count378
\c@editor=\count379
\c@savededitor=\count380
\c@editora=\count381
\c@savededitora=\count382
\c@editorb=\count383
\c@savededitorb=\count384
\c@editorc=\count385
\c@savededitorc=\count386
\c@foreword=\count387
\c@savedforeword=\count388
\c@holder=\count389
\c@savedholder=\count390
\c@introduction=\count391
\c@savedintroduction=\count392
\c@namea=\count393
\c@savednamea=\count394
\c@nameb=\count395
\c@savednameb=\count396
\c@namec=\count397
\c@savednamec=\count398
\c@translator=\count399
\c@savedtranslator=\count400
\c@shortauthor=\count401
\c@savedshortauthor=\count402
\c@shorteditor=\count403
\c@savedshorteditor=\count404
\c@labelname=\count405
\c@savedlabelname=\count406
\c@institution=\count407
\c@savedinstitution=\count408
\c@lista=\count409
\c@savedlista=\count410
\c@listb=\count411
\c@savedlistb=\count412
\c@listc=\count413
\c@savedlistc=\count414
\c@listd=\count415
\c@savedlistd=\count416
\c@liste=\count417
\c@savedliste=\count418
\c@listf=\count419
\c@savedlistf=\count420
\c@location=\count421
\c@savedlocation=\count422
\c@organization=\count423
\c@savedorganization=\count424
\c@origlocation=\count425
\c@savedoriglocation=\count426
\c@origpublisher=\count427
\c@savedorigpublisher=\count428
\c@publisher=\count429
\c@savedpublisher=\count430
\c@language=\count431
\c@savedlanguage=\count432
\c@origlanguage=\count433
\c@savedoriglanguage=\count434
\c@pageref=\count435
\c@savedpageref=\count436
\shorthandwidth=\skip63
\shortjournalwidth=\skip64
\shortserieswidth=\skip65
\shorttitlewidth=\skip66
\shortauthorwidth=\skip67
\shorteditorwidth=\skip68
\locallabelnumberwidth=\skip69
\locallabelalphawidth=\skip70
\localshorthandwidth=\skip71
\localshortjournalwidth=\skip72
\localshortserieswidth=\skip73
\localshorttitlewidth=\skip74
\localshortauthorwidth=\skip75
\localshorteditorwidth=\skip76
Package biblatex Info: Trying to load compatibility code...
Package biblatex Info: ... file 'blx-compat.def' found.
 (/nix/store/0kvrd6v7fsbb0sr5fbzlnybj3kxzh22y-texlive-combined-full-2022-final-texmfdist/tex/latex/biblatex/blx-compat.def
File: blx-compat.def 2023/03/05 v3.19 biblatex compatibility (PK/MW)
)
Package biblatex Info: Trying to load generic definitions...
Package biblatex Info: ... file 'biblatex.def' found.
 (/nix/store/0kvrd6v7fsbb0sr5fbzlnybj3kxzh22y-texlive-combined-full-2022-final-texmfdist/tex/latex/biblatex/biblatex.def
File: biblatex.def 2023/03/05 v3.19 biblatex compatibility (PK/MW)
\c@textcitecount=\count437
\c@textcitetotal=\count438
\c@textcitemaxnames=\count439
\c@biburlbigbreakpenalty=\count440
\c@biburlbreakpenalty=\count441
\c@biburlnumpenalty=\count442
\c@biburlucpenalty=\count443
\c@biburllcpenalty=\count444
\biburlbigskip=\muskip18
\biburlnumskip=\muskip19
\biburlucskip=\muskip20
\biburllcskip=\muskip21
\c@smartand=\count445
)
Package biblatex Info: Trying to load bibliography style 'alphabetic'...
Package biblatex Info: ... file 'alphabetic.bbx' found.
 (/nix/store/0kvrd6v7fsbb0sr5fbzlnybj3kxzh22y-texlive-combined-full-2022-final-texmfdist/tex/latex/biblatex/bbx/alphabetic.bbx
File: alphabetic.bbx 2023/03/05 v3.19 biblatex bibliography style (PK/MW)
Package biblatex Info: Trying to load bibliography style 'standard'...
Package biblatex Info: ... file 'standard.bbx' found.
 (/nix/store/0kvrd6v7fsbb0sr5fbzlnybj3kxzh22y-texlive-combined-full-2022-final-texmfdist/tex/latex/biblatex/bbx/standard.bbx
File: standard.bbx 2023/03/05 v3.19 biblatex bibliography style (PK/MW)
\c@bbx:relatedcount=\count446
\c@bbx:relatedtotal=\count447
))
Package biblatex Info: Trying to load citation style 'alphabetic'...
Package biblatex Info: ... file 'alphabetic.cbx' found.
 (/nix/store/0kvrd6v7fsbb0sr5fbzlnybj3kxzh22y-texlive-combined-full-2022-final-texmfdist/tex/latex/biblatex/cbx/alphabetic.cbx
File: alphabetic.cbx 2023/03/05 v3.19 biblatex citation style (PK/MW)
Package biblatex Info: Redefining '\cite'.
Package biblatex Info: Redefining '\parencite'.
Package biblatex Info: Redefining '\footcite'.
Package biblatex Info: Redefining '\footcitetext'.
Package biblatex Info: Redefining '\smartcite'.
Package biblatex Info: Redefining '\textcite'.
Package biblatex Info: Redefining '\textcites'.
Package biblatex Info: Redefining '\cites'.
Package biblatex Info: Redefining '\parencites'.
Package biblatex Info: Redefining '\smartcites'.
)
Package biblatex Info: Trying to load configuration file...
Package biblatex Info: ... file 'biblatex.cfg' found.
 (/nix/store/0kvrd6v7fsbb0sr5fbzlnybj3kxzh22y-texlive-combined-full-2022-final-texmfdist/tex/latex/biblatex/biblatex.cfg
File: biblatex.cfg 
)
Package biblatex Info: Input encoding 'utf8' detected.
Package biblatex Info: Document encoding is UTF8 ....
 (/nix/store/0kvrd6v7fsbb0sr5fbzlnybj3kxzh22y-texlive-combined-full-2022-final-texmfdist/tex/latex/l3kernel/expl3.sty
Package: expl3 2023-02-22 L3 programming layer (loader) 
 (/nix/store/0kvrd6v7fsbb0sr5fbzlnybj3kxzh22y-texlive-combined-full-2022-final-texmfdist/tex/latex/l3backend/l3backend-pdftex.def
File: l3backend-pdftex.def 2023-01-16 L3 backend support: PDF output (pdfTeX)
\l__color_backend_stack_int=\count448
\l__pdf_internal_box=\box67
))
Package biblatex Info: ... and expl3
(biblatex)             2023-02-22 L3 programming layer (loader) 
(biblatex)             is new enough (at least 2020/04/06),
(biblatex)             setting 'casechanger=expl3'.
 (/nix/store/0kvrd6v7fsbb0sr5fbzlnybj3kxzh22y-texlive-combined-full-2022-final-texmfdist/tex/latex/biblatex/blx-case-expl3.sty (/nix/store/0kvrd6v7fsbb0sr5fbzlnybj3kxzh22y-texlive-combined-full-2022-final-texmfdist/tex/latex/l3packages/xparse/xparse.sty
Package: xparse 2023-02-02 L3 Experimental document command parser
)
Package: blx-case-expl3 2023/03/05 v3.19 expl3 case changing code for biblatex
)) (/nix/store/0kvrd6v7fsbb0sr5fbzlnybj3kxzh22y-texlive-combined-full-2022-final-texmfdist/tex/latex/fancyhdr/fancyhdr.sty
Package: fancyhdr 2022/11/09 v4.1 Extensive control of page headers and footers
\f@nch@headwidth=\skip77
\f@nch@O@elh=\skip78
\f@nch@O@erh=\skip79
\f@nch@O@olh=\skip80
\f@nch@O@orh=\skip81
\f@nch@O@elf=\skip82
\f@nch@O@erf=\skip83
\f@nch@O@olf=\skip84
\f@nch@O@orf=\skip85
) (/nix/store/0kvrd6v7fsbb0sr5fbzlnybj3kxzh22y-texlive-combined-full-2022-final-texmfdist/tex/latex/todonotes/todonotes.sty
Package: todonotes 2023/01/31 v1.1.6 Todonotes source and documentation.
Package: todonotes 2023/01/31
 (/nix/store/0kvrd6v7fsbb0sr5fbzlnybj3kxzh22y-texlive-combined-full-2022-final-texmfdist/tex/latex/xkeyval/xkeyval.sty
Package: xkeyval 2022/06/16 v2.9 package option processing (HA)
 (/nix/store/0kvrd6v7fsbb0sr5fbzlnybj3kxzh22y-texlive-combined-full-2022-final-texmfdist/tex/generic/xkeyval/xkeyval.tex (/nix/store/0kvrd6v7fsbb0sr5fbzlnybj3kxzh22y-texlive-combined-full-2022-final-texmfdist/tex/generic/xkeyval/xkvutils.tex
\XKV@toks=\toks39
\XKV@tempa@toks=\toks40
)
\XKV@depth=\count449
File: xkeyval.tex 2014/12/03 v2.7a key=value parser (HA)
)) (/nix/store/0kvrd6v7fsbb0sr5fbzlnybj3kxzh22y-texlive-combined-full-2022-final-texmfdist/tex/generic/pgf/frontendlayer/tikz/libraries/tikzlibrarypositioning.code.tex
File: tikzlibrarypositioning.code.tex 2023-01-15 v3.1.10 (3.1.10)
) (/nix/store/0kvrd6v7fsbb0sr5fbzlnybj3kxzh22y-texlive-combined-full-2022-final-texmfdist/tex/latex/tools/calc.sty
Package: calc 2017/05/25 v4.3 Infix arithmetic (KKT,FJ)
\calc@Acount=\count450
\calc@Bcount=\count451
\calc@Adimen=\dimen278
\calc@Bdimen=\dimen279
\calc@Askip=\skip86
\calc@Bskip=\skip87
LaTeX Info: Redefining \setlength on input line 80.
LaTeX Info: Redefining \addtolength on input line 81.
\calc@Ccount=\count452
\calc@Cskip=\skip88
)
\c@@todonotes@numberoftodonotes=\count453
) (/nix/store/0kvrd6v7fsbb0sr5fbzlnybj3kxzh22y-texlive-combined-full-2022-final-texmfdist/tex/latex/adjustbox/adjustbox.sty
Package: adjustbox 2022/10/17 v1.3a Adjusting TeX boxes (trim, clip, ...)
 (/nix/store/0kvrd6v7fsbb0sr5fbzlnybj3kxzh22y-texlive-combined-full-2022-final-texmfdist/tex/latex/adjustbox/adjcalc.sty
Package: adjcalc 2012/05/16 v1.1 Provides advanced setlength with multiple back-ends (calc, etex, pgfmath)
) (/nix/store/0kvrd6v7fsbb0sr5fbzlnybj3kxzh22y-texlive-combined-full-2022-final-texmfdist/tex/latex/adjustbox/trimclip.sty
Package: trimclip 2020/08/19 v1.2 Trim and clip general TeX material
 (/nix/store/0kvrd6v7fsbb0sr5fbzlnybj3kxzh22y-texlive-combined-full-2022-final-texmfdist/tex/latex/collectbox/collectbox.sty
Package: collectbox 2022/10/17 v0.4c Collect macro arguments as boxes
\collectedbox=\box68
)
\tc@llx=\dimen280
\tc@lly=\dimen281
\tc@urx=\dimen282
\tc@ury=\dimen283
Package trimclip Info: Using driver 'tc-pdftex.def'.
 (/nix/store/0kvrd6v7fsbb0sr5fbzlnybj3kxzh22y-texlive-combined-full-2022-final-texmfdist/tex/latex/adjustbox/tc-pdftex.def
File: tc-pdftex.def 2019/01/04 v2.2 Clipping driver for pdftex
))
\adjbox@Width=\dimen284
\adjbox@Height=\dimen285
\adjbox@Depth=\dimen286
\adjbox@Totalheight=\dimen287
\adjbox@pwidth=\dimen288
\adjbox@pheight=\dimen289
\adjbox@pdepth=\dimen290
\adjbox@ptotalheight=\dimen291
 (/nix/store/0kvrd6v7fsbb0sr5fbzlnybj3kxzh22y-texlive-combined-full-2022-final-texmfdist/tex/latex/ifoddpage/ifoddpage.sty
Package: ifoddpage 2022/10/18 v1.2 Conditionals for odd/even page detection
\c@checkoddpage=\count454
) (/nix/store/0kvrd6v7fsbb0sr5fbzlnybj3kxzh22y-texlive-combined-full-2022-final-texmfdist/tex/latex/varwidth/varwidth.sty
Package: varwidth 2009/03/30 ver 0.92;  Variable-width minipages
\@vwid@box=\box69
\sift@deathcycles=\count455
\@vwid@loff=\dimen292
\@vwid@roff=\dimen293
)) (/nix/store/0kvrd6v7fsbb0sr5fbzlnybj3kxzh22y-texlive-combined-full-2022-final-texmfdist/tex/latex/titling/titling.sty
Package: titling 2009/09/04 v2.1d maketitle typesetting
\thanksmarkwidth=\skip89
\thanksmargin=\skip90
\droptitle=\skip91
) (/nix/store/0kvrd6v7fsbb0sr5fbzlnybj3kxzh22y-texlive-combined-full-2022-final-texmfdist/tex/latex/listings/lstlang1.sty
File: lstlang1.sty 2023/02/27 1.9 listings language file
) (/nix/store/0kvrd6v7fsbb0sr5fbzlnybj3kxzh22y-texlive-combined-full-2022-final-texmfdist/tex/latex/listings/lstlang1.sty
File: lstlang1.sty 2023/02/27 1.9 listings language file
) (/nix/store/0kvrd6v7fsbb0sr5fbzlnybj3kxzh22y-texlive-combined-full-2022-final-texmfdist/tex/latex/listings/lstmisc.sty
File: lstmisc.sty 2023/02/27 1.9 (Carsten Heinz)
) (/nix/store/0kvrd6v7fsbb0sr5fbzlnybj3kxzh22y-texlive-combined-full-2022-final-texmfdist/tex/latex/csquotes/csquotes.sty
Package: csquotes 2022-09-14 v5.2n context-sensitive quotations (JAW)
\csq@reset=\count456
\csq@gtype=\count457
\csq@glevel=\count458
\csq@qlevel=\count459
\csq@maxlvl=\count460
\csq@tshold=\count461
\csq@ltx@everypar=\toks41
 (/nix/store/0kvrd6v7fsbb0sr5fbzlnybj3kxzh22y-texlive-combined-full-2022-final-texmfdist/tex/latex/csquotes/csquotes.def
File: csquotes.def 2022-09-14 v5.2n csquotes generic definitions (JAW)
)
Package csquotes Info: Trying to load configuration file 'csquotes.cfg'...
Package csquotes Info: ... configuration file loaded successfully.
 (/nix/store/0kvrd6v7fsbb0sr5fbzlnybj3kxzh22y-texlive-combined-full-2022-final-texmfdist/tex/latex/csquotes/csquotes.cfg
File: csquotes.cfg 
))
Package csquotes Info: Checking for multilingual support...
Package csquotes Info: ... found 'babel' package.
Package csquotes Info: Adjusting default style.
Package csquotes Info: Redefining alias 'default' -> 'english'.
 (./template.aux)
\openout1 = `template.aux'.

LaTeX Font Info:    Checking defaults for OML/cmm/m/it on input line 180.
LaTeX Font Info:    ... okay on input line 180.
LaTeX Font Info:    Checking defaults for OMS/cmsy/m/n on input line 180.
LaTeX Font Info:    ... okay on input line 180.
LaTeX Font Info:    Checking defaults for OT1/cmr/m/n on input line 180.
LaTeX Font Info:    ... okay on input line 180.
LaTeX Font Info:    Checking defaults for T1/cmr/m/n on input line 180.
LaTeX Font Info:    ... okay on input line 180.
LaTeX Font Info:    Checking defaults for TS1/cmr/m/n on input line 180.
LaTeX Font Info:    ... okay on input line 180.
LaTeX Font Info:    Checking defaults for OMX/cmex/m/n on input line 180.
LaTeX Font Info:    ... okay on input line 180.
LaTeX Font Info:    Checking defaults for U/cmr/m/n on input line 180.
LaTeX Font Info:    ... okay on input line 180.
LaTeX Font Info:    Checking defaults for PD1/pdf/m/n on input line 180.
LaTeX Font Info:    ... okay on input line 180.
LaTeX Font Info:    Checking defaults for PU/pdf/m/n on input line 180.
LaTeX Font Info:    ... okay on input line 180.
LaTeX Info: Redefining \degres on input line 180.
LaTeX Info: Redefining \up on input line 180.
 (/nix/store/0kvrd6v7fsbb0sr5fbzlnybj3kxzh22y-texlive-combined-full-2022-final-texmfdist/tex/context/base/mkii/supp-pdf.mkii
[Loading MPS to PDF converter (version 2006.09.02).]
\scratchcounter=\count462
\scratchdimen=\dimen294
\scratchbox=\box70
\nofMPsegments=\count463
\nofMParguments=\count464
\everyMPshowfont=\toks42
\MPscratchCnt=\count465
\MPscratchDim=\dimen295
\MPnumerator=\count466
\makeMPintoPDFobject=\count467
\everyMPtoPDFconversion=\toks43
) (/nix/store/0kvrd6v7fsbb0sr5fbzlnybj3kxzh22y-texlive-combined-full-2022-final-texmfdist/tex/latex/epstopdf-pkg/epstopdf-base.sty
Package: epstopdf-base 2020-01-24 v2.11 Base part for package epstopdf
Package epstopdf-base Info: Redefining graphics rule for `.eps' on input line 485.
 (/nix/store/0kvrd6v7fsbb0sr5fbzlnybj3kxzh22y-texlive-combined-full-2022-final-texmfdist/tex/latex/latexconfig/epstopdf-sys.cfg
File: epstopdf-sys.cfg 2010/07/13 v1.3 Configuration of (r)epstopdf for TeX Live
))
\c@lstlisting=\count468
Package hyperref Info: Link coloring OFF on input line 180.
 (./template.out) (./template.out)
\@outlinefile=\write6
\openout6 = `template.out'.

Package biblatex Info: Trying to load language 'english'...
Package biblatex Info: ... file 'english.lbx' found.
 (/nix/store/0kvrd6v7fsbb0sr5fbzlnybj3kxzh22y-texlive-combined-full-2022-final-texmfdist/tex/latex/biblatex/lbx/english.lbx
File: english.lbx 2023/03/05 v3.19 biblatex localization (PK/MW)
)
Package biblatex Info: Trying to load language 'french'...
Package biblatex Info: ... file 'french.lbx' found.
 (/nix/store/0kvrd6v7fsbb0sr5fbzlnybj3kxzh22y-texlive-combined-full-2022-final-texmfdist/tex/latex/biblatex/lbx/french.lbx
File: french.lbx 2023/03/05 v3.19 biblatex localization (PK/MW)
)
Package biblatex Info: Input encoding 'utf8' detected.
Package biblatex Info: Automatic encoding selection.
(biblatex)             Assuming data encoding 'utf8'.
\openout5 = `template.bcf'.

Package biblatex Info: Trying to load bibliographic data...
Package biblatex Info: ... file 'template.bbl' found.
 (./template.bbl)
Package biblatex Info: Reference section=0 on input line 180.
Package biblatex Info: Reference segment=0 on input line 180.


Package todonotes Warning: The length marginparwidth is less than 2cm and will most likely cause issues with the appearance of inserted todonotes. The issue can be solved by adding a line like \setlength {\marginparwidth }{2cm} prior to loading the todonotes package. on input line 180.

<logos/logo_polytech_full.png, id=7, 172.4625pt x 53.5455pt>
File: logos/logo_polytech_full.png Graphic file (type png)
<use logos/logo_polytech_full.png>
Package pdftex.def Info: logos/logo_polytech_full.png  used on input line 184.
(pdftex.def)             Requested size: 166.37524pt x 51.65405pt.
<logos/logo_lig_new.png.png, id=8, 212.795pt x 145.54375pt>
File: logos/logo_lig_new.png.png Graphic file (type png)
<use logos/logo_lig_new.png.png>
Package pdftex.def Info: logos/logo_lig_new.png.png  used on input line 184.
(pdftex.def)             Requested size: 75.52164pt x 51.65405pt.
<logos/logo_inp_uga.png, id=10, 33.0033pt x 28.908pt>
File: logos/logo_inp_uga.png Graphic file (type png)
<use logos/logo_inp_uga.png>
Package pdftex.def Info: logos/logo_inp_uga.png  used on input line 184.
(pdftex.def)             Requested size: 88.46243pt x 77.48108pt.
[1

{/nix/store/ixfwxsa3dwcdysk4s0pshkcgkss2kyyz-texlive-combined-full-2022-final/share/texmf-var/fonts/map/pdftex/updmap/pdftex.map} <./logos/logo_polytech_full.png> <./logos/logo_lig_new.png.png> <./logos/logo_inp_uga.png>]
pdfTeX warning (ext4): destination with the same identifier (name{page.1}) has been already used, duplicate ignored
<to be read again> 
                   \relax 
l.193 \newpage
               [1] [2] (./template.toc)
\tf@toc=\write7
\openout7 = `template.toc'.

 [3]
pdfTeX warning (ext4): destination with the same identifier (name{page.1}) has been already used, duplicate ignored
<to be read again> 
                   \relax 
l.223 \newpage
               [1]
pdfTeX warning (ext4): destination with the same identifier (name{page.2}) has been already used, duplicate ignored
<to be read again> 
                   \relax 
l.225 \end{titlingpage}
                        [2] (./template.aux)
Package rerunfilecheck Info: File `template.out' has not changed.
(rerunfilecheck)             Checksum: D41D8CD98F00B204E9800998ECF8427E;0.
Package logreq Info: Writing requests to 'template.run.xml'.
\openout1 = `template.run.xml'.

 ) 
Here is how much of TeX's memory you used:
 32611 strings out of 476024
 633991 string characters out of 5764067
 1855388 words of memory out of 5000000
 52542 multiletter control sequences out of 15000+600000
 523520 words of font info for 60 fonts, out of 8000000 for 9000
 1141 hyphenation exceptions out of 8191
 84i,12n,97p,733b,2076s stack positions out of 10000i,1000n,20000p,200000b,200000s
{/nix/store/0kvrd6v7fsbb0sr5fbzlnybj3kxzh22y-texlive-combined-full-2022-final-texmfdist/fonts/enc/dvips/cm-super/cm-super-t1.enc}</nix/store/0kvrd6v7fsbb0sr5fbzlnybj3kxzh22y-texlive-combined-full-2022-final-texmfdist/fonts/type1/public/amsfonts/cm/cmmi12.pfb></nix/store/0kvrd6v7fsbb0sr5fbzlnybj3kxzh22y-texlive-combined-full-2022-final-texmfdist/fonts/type1/public/amsfonts/cm/cmsy10.pfb></nix/store/0kvrd6v7fsbb0sr5fbzlnybj3kxzh22y-texlive-combined-full-2022-final-texmfdist/fonts/type1/public/cm-super/sfbi1200.pfb></nix/store/0kvrd6v7fsbb0sr5fbzlnybj3kxzh22y-texlive-combined-full-2022-final-texmfdist/fonts/type1/public/cm-super/sfbx1200.pfb></nix/store/0kvrd6v7fsbb0sr5fbzlnybj3kxzh22y-texlive-combined-full-2022-final-texmfdist/fonts/type1/public/cm-super/sfbx1728.pfb></nix/store/0kvrd6v7fsbb0sr5fbzlnybj3kxzh22y-texlive-combined-full-2022-final-texmfdist/fonts/type1/public/cm-super/sfrm1095.pfb></nix/store/0kvrd6v7fsbb0sr5fbzlnybj3kxzh22y-texlive-combined-full-2022-final-texmfdist/fonts/type1/public/cm-super/sfrm1200.pfb></nix/store/0kvrd6v7fsbb0sr5fbzlnybj3kxzh22y-texlive-combined-full-2022-final-texmfdist/fonts/type1/public/cm-super/sfrm1440.pfb></nix/store/0kvrd6v7fsbb0sr5fbzlnybj3kxzh22y-texlive-combined-full-2022-final-texmfdist/fonts/type1/public/cm-super/sfrm1728.pfb>
Output written on template.pdf (6 pages, 168171 bytes).
PDF statistics:
 93 PDF objects out of 1000 (max. 8388607)
 62 compressed objects within 1 object stream
 11 named destinations out of 1000 (max. 500000)
 28 words of extra memory for PDF output out of 10000 (max. 10000000)

